<?xml version="1.0" encoding="utf-8"?><testsuites name="pytest tests"><testsuite name="pytest" errors="0" failures="1" skipped="3" tests="25" time="27.044" timestamp="2026-02-03T14:32:52.134158+00:00" hostname="agent-env-954e9e8a-318e-417d-b968-12d7afe39be6"><testcase classname="backend.tests.test_glaseditionslab.TestHealthAndPlans" name="test_api_root" time="0.108" /><testcase classname="backend.tests.test_glaseditionslab.TestHealthAndPlans" name="test_get_plans" time="0.040" /><testcase classname="backend.tests.test_glaseditionslab.TestAuthentication" name="test_register_user" time="0.283" /><testcase classname="backend.tests.test_glaseditionslab.TestAuthentication" name="test_login_user" time="0.277" /><testcase classname="backend.tests.test_glaseditionslab.TestAuthentication" name="test_get_current_user" time="0.043" /><testcase classname="backend.tests.test_glaseditionslab.TestAuthentication" name="test_login_invalid_credentials" time="0.052" /><testcase classname="backend.tests.test_glaseditionslab.TestAuthentication" name="test_duplicate_registration" time="0.078" /><testcase classname="backend.tests.test_glaseditionslab.TestBookCreationWithoutCredits" name="test_create_book_without_credits_fails" time="0.038" /><testcase classname="backend.tests.test_glaseditionslab.TestStripeCheckout" name="test_create_subscription_checkout" time="0.575" /><testcase classname="backend.tests.test_glaseditionslab.TestStripeCheckout" name="test_create_single_book_checkout" time="0.434" /><testcase classname="backend.tests.test_glaseditionslab.TestStripeCheckout" name="test_checkout_requires_auth" time="0.040" /><testcase classname="backend.tests.test_glaseditionslab.TestExistingBook" name="test_get_existing_book" time="0.043" /><testcase classname="backend.tests.test_glaseditionslab.TestExistingBook" name="test_update_book_title" time="0.082" /><testcase classname="backend.tests.test_glaseditionslab.TestExportEndpoints" name="test_export_txt" time="0.059" /><testcase classname="backend.tests.test_glaseditionslab.TestExportEndpoints" name="test_export_html" time="0.040" /><testcase classname="backend.tests.test_glaseditionslab.TestExportEndpoints" name="test_export_pdf" time="0.212" /><testcase classname="backend.tests.test_glaseditionslab.TestExportEndpoints" name="test_export_epub" time="0.083" /><testcase classname="backend.tests.test_glaseditionslab.TestExportEndpoints" name="test_export_invalid_format" time="0.038" /><testcase classname="backend.tests.test_glaseditionslab.TestBookOperationsWithCredits" name="test_create_book_with_credits" time="0.552"><failure message="assert 403 == 200&#10; +  where 403 = &lt;Response [403]&gt;.status_code">backend/tests/test_glaseditionslab.py:374: in test_create_book_with_credits
    assert response.status_code == 200
E   assert 403 == 200
E    +  where 403 = &lt;Response [403]&gt;.status_code</failure></testcase><testcase classname="backend.tests.test_glaseditionslab.TestBookOperationsWithCredits" name="test_get_user_books" time="0.445" /><testcase classname="backend.tests.test_glaseditionslab.TestBookOperationsWithCredits" name="test_generate_outline" time="0.473"><skipped type="pytest.skip" message="No created book available">/app/backend/tests/test_glaseditionslab.py:398: No created book available</skipped></testcase><testcase classname="backend.tests.test_glaseditionslab.TestBookOperationsWithCredits" name="test_delete_created_book" time="0.505"><skipped type="pytest.skip" message="No created book to delete">/app/backend/tests/test_glaseditionslab.py:411: No created book to delete</skipped></testcase><testcase classname="backend.tests.test_glaseditionslab.TestChapterOperations" name="test_generate_chapter_requires_outline" time="0.670"><skipped type="pytest.skip" message="Could not create book for chapter test">/app/backend/tests/test_glaseditionslab.py:449: Could not create book for chapter test</skipped></testcase><testcase classname="backend.tests.test_glaseditionslab.TestChapterOperations" name="test_regenerate_chapter_endpoint" time="0.039" /><testcase classname="backend.tests.test_glaseditionslab.TestLogout" name="test_logout" time="21.669" /></testsuite></testsuites>