<?xml version="1.0" encoding="utf-8"?><testsuites name="pytest tests"><testsuite name="pytest" errors="0" failures="0" skipped="0" tests="13" time="9.048" timestamp="2026-02-21T16:32:14.031153+00:00" hostname="agent-env-cef9ba80-6db6-4932-a50b-8fb9e6d0c530"><testcase classname="backend.tests.test_gdpr_audit_book.TestGDPRDataExport" name="test_export_data_requires_auth" time="0.262" /><testcase classname="backend.tests.test_gdpr_audit_book.TestGDPRDataExport" name="test_export_data_returns_json_with_auth" time="0.529" /><testcase classname="backend.tests.test_gdpr_audit_book.TestGDPRDataExport" name="test_export_data_has_content_disposition_header" time="0.594" /><testcase classname="backend.tests.test_gdpr_audit_book.TestGDPRDataExport" name="test_export_data_structure" time="0.539" /><testcase classname="backend.tests.test_gdpr_audit_book.TestAuditLog" name="test_audit_log_requires_admin" time="0.133" /><testcase classname="backend.tests.test_gdpr_audit_book.TestAuditLog" name="test_audit_log_returns_paginated_logs" time="0.532" /><testcase classname="backend.tests.test_gdpr_audit_book.TestAuditLog" name="test_promotion_creates_audit_entry" time="1.348" /><testcase classname="backend.tests.test_gdpr_audit_book.TestAuditLog" name="test_demotion_creates_audit_entry" time="1.418" /><testcase classname="backend.tests.test_gdpr_audit_book.TestAuditLog" name="test_deletion_creates_audit_entry" time="1.269" /><testcase classname="backend.tests.test_gdpr_audit_book.TestBookCreationBugFix" name="test_book_creation_requires_auth" time="0.131" /><testcase classname="backend.tests.test_gdpr_audit_book.TestBookCreationBugFix" name="test_book_creation_works_with_auth_token" time="0.627" /><testcase classname="backend.tests.test_gdpr_audit_book.TestBookCreationBugFix" name="test_book_creation_returns_user_id" time="0.647" /><testcase classname="backend.tests.test_gdpr_audit_book.TestCleanup" name="test_cleanup_test_users" time="0.891" /></testsuite></testsuites>