<?xml version="1.0" encoding="utf-8"?><testsuites name="pytest tests"><testsuite name="pytest" errors="0" failures="0" skipped="0" tests="18" time="6.998" timestamp="2026-02-19T16:15:16.033275+00:00" hostname="agent-env-cef9ba80-6db6-4932-a50b-8fb9e6d0c530"><testcase classname="backend.tests.test_account_chapter_features.TestAdminLogin" name="test_admin_login" time="0.399" /><testcase classname="backend.tests.test_account_chapter_features.TestAccountSubscriptionEndpoint" name="test_admin_subscription_details" time="0.169" /><testcase classname="backend.tests.test_account_chapter_features.TestAccountSubscriptionEndpoint" name="test_subscription_requires_auth" time="0.157" /><testcase classname="backend.tests.test_account_chapter_features.TestPasswordChange" name="test_password_change_with_correct_password" time="0.579" /><testcase classname="backend.tests.test_account_chapter_features.TestPasswordChange" name="test_password_change_with_wrong_password" time="0.384" /><testcase classname="backend.tests.test_account_chapter_features.TestPasswordChange" name="test_password_change_too_short" time="0.391" /><testcase classname="backend.tests.test_account_chapter_features.TestPasswordChange" name="test_password_change_requires_auth" time="0.128" /><testcase classname="backend.tests.test_account_chapter_features.TestChapterEditing" name="test_edit_chapter_content" time="0.249" /><testcase classname="backend.tests.test_account_chapter_features.TestChapterEditing" name="test_edit_chapter_persistence" time="1.028" /><testcase classname="backend.tests.test_account_chapter_features.TestChapterEditing" name="test_edit_chapter_invalid_number" time="0.141" /><testcase classname="backend.tests.test_account_chapter_features.TestChapterEditing" name="test_edit_chapter_requires_auth" time="0.183" /><testcase classname="backend.tests.test_account_chapter_features.TestChapterEditing" name="test_edit_chapter_nonexistent_book" time="0.141" /><testcase classname="backend.tests.test_account_chapter_features.TestBookListAuth" name="test_book_list_requires_auth" time="0.159" /><testcase classname="backend.tests.test_account_chapter_features.TestBookListAuth" name="test_book_list_returns_user_books" time="0.255" /><testcase classname="backend.tests.test_account_chapter_features.TestCancelSubscriptionErrors" name="test_admin_cannot_cancel" time="0.148" /><testcase classname="backend.tests.test_account_chapter_features.TestCancelSubscriptionErrors" name="test_reactivate_without_subscription" time="0.269" /><testcase classname="backend.tests.test_account_chapter_features.TestRegularUserPasswordFlow" name="test_register_regular_user" time="0.347" /><testcase classname="backend.tests.test_account_chapter_features.TestRegularUserPasswordFlow" name="test_regular_user_password_change" time="1.762" /></testsuite></testsuites>