<?xml version="1.0" encoding="utf-8"?><testsuites name="pytest tests"><testsuite name="pytest" errors="0" failures="0" skipped="0" tests="14" time="7.429" timestamp="2026-02-19T17:47:30.106243+00:00" hostname="agent-env-cef9ba80-6db6-4932-a50b-8fb9e6d0c530"><testcase classname="backend.tests.test_admin_moderation.TestPromoteEndpoint" name="test_promote_requires_auth" time="1.137" /><testcase classname="backend.tests.test_admin_moderation.TestPromoteEndpoint" name="test_promote_requires_admin" time="0.809" /><testcase classname="backend.tests.test_admin_moderation.TestPromoteEndpoint" name="test_promote_user_success" time="0.214" /><testcase classname="backend.tests.test_admin_moderation.TestPromoteEndpoint" name="test_promote_already_admin_error" time="0.125" /><testcase classname="backend.tests.test_admin_moderation.TestPromoteEndpoint" name="test_promote_nonexistent_user" time="0.069" /><testcase classname="backend.tests.test_admin_moderation.TestDemoteEndpoint" name="test_demote_requires_auth" time="0.782" /><testcase classname="backend.tests.test_admin_moderation.TestDemoteEndpoint" name="test_demote_requires_admin" time="0.544" /><testcase classname="backend.tests.test_admin_moderation.TestDemoteEndpoint" name="test_demote_admin_success" time="0.199" /><testcase classname="backend.tests.test_admin_moderation.TestDemoteEndpoint" name="test_demote_super_admin_error" time="0.133" /><testcase classname="backend.tests.test_admin_moderation.TestDemoteEndpoint" name="test_demote_non_admin_error" time="0.135" /><testcase classname="backend.tests.test_admin_moderation.TestDemoteEndpoint" name="test_demote_nonexistent_user" time="0.093" /><testcase classname="backend.tests.test_admin_moderation.TestPromotedAdminAccess" name="test_promoted_admin_can_access_stats" time="1.424" /><testcase classname="backend.tests.test_admin_moderation.TestAdminFilterWithAdmin" name="test_filter_admin_users" time="0.872" /><testcase classname="backend.tests.test_admin_moderation.TestCleanup" name="test_cleanup_test_user" time="0.731" /></testsuite></testsuites>