<?xml version="1.0" encoding="utf-8"?><testsuites name="pytest tests"><testsuite name="pytest" errors="0" failures="0" skipped="0" tests="18" time="10.029" timestamp="2026-02-19T17:19:07.635866+00:00" hostname="agent-env-cef9ba80-6db6-4932-a50b-8fb9e6d0c530"><testcase classname="backend.tests.test_admin_dashboard.TestAdminAuth" name="test_admin_stats_requires_auth" time="0.285" /><testcase classname="backend.tests.test_admin_dashboard.TestAdminAuth" name="test_admin_users_requires_auth" time="0.200" /><testcase classname="backend.tests.test_admin_dashboard.TestAdminAuth" name="test_admin_export_requires_auth" time="0.222" /><testcase classname="backend.tests.test_admin_dashboard.TestAdminAuth" name="test_admin_delete_requires_auth" time="0.122" /><testcase classname="backend.tests.test_admin_dashboard.TestAdminForbiddenForNonAdmin" name="test_non_admin_stats_forbidden" time="0.472" /><testcase classname="backend.tests.test_admin_dashboard.TestAdminForbiddenForNonAdmin" name="test_non_admin_users_forbidden" time="0.532" /><testcase classname="backend.tests.test_admin_dashboard.TestAdminForbiddenForNonAdmin" name="test_non_admin_export_forbidden" time="0.514" /><testcase classname="backend.tests.test_admin_dashboard.TestAdminForbiddenForNonAdmin" name="test_non_admin_delete_forbidden" time="0.575" /><testcase classname="backend.tests.test_admin_dashboard.TestAdminStats" name="test_admin_stats_returns_correct_fields" time="0.559" /><testcase classname="backend.tests.test_admin_dashboard.TestAdminUsers" name="test_admin_users_returns_paginated_list" time="0.485" /><testcase classname="backend.tests.test_admin_dashboard.TestAdminUsers" name="test_admin_users_search_filter" time="0.483" /><testcase classname="backend.tests.test_admin_dashboard.TestAdminUsers" name="test_admin_users_plan_filter_sans_abonnement" time="0.882" /><testcase classname="backend.tests.test_admin_dashboard.TestAdminUsers" name="test_admin_users_pagination" time="0.596" /><testcase classname="backend.tests.test_admin_dashboard.TestAdminUsersExport" name="test_export_returns_csv" time="0.607" /><testcase classname="backend.tests.test_admin_dashboard.TestAdminUsersExport" name="test_export_with_search_filter" time="0.489" /><testcase classname="backend.tests.test_admin_dashboard.TestAdminDeleteUser" name="test_delete_non_admin_user" time="0.964" /><testcase classname="backend.tests.test_admin_dashboard.TestAdminDeleteUser" name="test_cannot_delete_admin_user" time="0.493" /><testcase classname="backend.tests.test_admin_dashboard.TestAdminDeleteUser" name="test_delete_nonexistent_user" time="1.304" /></testsuite></testsuites>