<?xml version="1.0" encoding="utf-8"?><testsuites name="pytest tests"><testsuite name="pytest" errors="0" failures="0" skipped="0" tests="9" time="2.539" timestamp="2026-02-21T15:39:17.894322+00:00" hostname="agent-env-cef9ba80-6db6-4932-a50b-8fb9e6d0c530"><testcase classname="backend.tests.test_password_features.TestForgotPassword" name="test_forgot_password_with_valid_email" time="0.483" /><testcase classname="backend.tests.test_password_features.TestForgotPassword" name="test_forgot_password_with_nonexistent_email" time="0.110" /><testcase classname="backend.tests.test_password_features.TestForgotPassword" name="test_forgot_password_missing_email" time="0.098" /><testcase classname="backend.tests.test_password_features.TestResetPassword" name="test_reset_password_with_invalid_token" time="0.108" /><testcase classname="backend.tests.test_password_features.TestResetPassword" name="test_reset_password_with_expired_token" time="0.114" /><testcase classname="backend.tests.test_password_features.TestResetPassword" name="test_reset_password_with_wrong_token_type" time="0.104" /><testcase classname="backend.tests.test_password_features.TestResetPassword" name="test_reset_password_short_password" time="0.400" /><testcase classname="backend.tests.test_password_features.TestResetPassword" name="test_reset_password_with_valid_token" time="0.908" /><testcase classname="backend.tests.test_password_features.TestResetPasswordUserNotFound" name="test_reset_password_user_not_found" time="0.114" /></testsuite></testsuites>